[6.826s] DEBUG:colcon:Command line arguments: ['/usr/bin/colcon', 'build', '--symlink-install', '--packages-select', 'phantom_control']
[6.827s] DEBUG:colcon:Parsed command line arguments: Namespace(log_base=None, log_level=None, verb_name='build', build_base='build', install_base='install', merge_install=False, symlink_install=True, test_result_base=None, continue_on_error=False, executor='parallel', parallel_workers=4, event_handlers=None, ignore_user_meta=False, metas=['./colcon.meta'], base_paths=['.'], packages_ignore=None, packages_ignore_regex=None, paths=None, packages_up_to=None, packages_up_to_regex=None, packages_above=None, packages_above_and_dependencies=None, packages_above_depth=None, packages_select_by_dep=None, packages_skip_by_dep=None, packages_skip_up_to=None, packages_select_build_failed=False, packages_skip_build_finished=False, packages_select_test_failures=False, packages_skip_test_passed=False, packages_select=['phantom_control'], packages_skip=None, packages_select_regex=None, packages_skip_regex=None, packages_start=None, packages_end=None, allow_overriding=[], cmake_args=None, cmake_target=None, cmake_target_skip_unavailable=False, cmake_clean_cache=False, cmake_clean_first=False, cmake_force_configure=False, ament_cmake_args=None, catkin_cmake_args=None, catkin_skip_building_tests=False, mixin_files=None, mixin=None, verb_parser=<colcon_mixin.mixin.mixin_argument.MixinArgumentDecorator object at 0x7d585f578df0>, verb_extension=<colcon_core.verb.build.BuildVerb object at 0x7d585f76a9b0>, main=<bound method BuildVerb.main of <colcon_core.verb.build.BuildVerb object at 0x7d585f76a9b0>>, mixin_verb=('build',))
[15.154s] Level 1:colcon.colcon_core.package_discovery:discover_packages(colcon_meta) check parameters
[15.156s] Level 1:colcon.colcon_core.package_discovery:discover_packages(recursive) check parameters
[15.157s] Level 1:colcon.colcon_core.package_discovery:discover_packages(ignore) check parameters
[15.158s] Level 1:colcon.colcon_core.package_discovery:discover_packages(path) check parameters
[15.158s] Level 1:colcon.colcon_core.package_discovery:discover_packages(colcon_meta) discover
[15.160s] Level 1:colcon.colcon_core.package_discovery:discover_packages(recursive) discover
[15.161s] INFO:colcon.colcon_core.package_discovery:Crawling recursively for packages in '/home/johanito/Documents/phantom_ws'
[15.162s] Level 1:colcon.colcon_core.package_identification:_identify(.) by extensions ['ignore', 'ignore_ament_install']
[15.164s] Level 1:colcon.colcon_core.package_identification:_identify(.) by extension 'ignore'
[15.165s] Level 1:colcon.colcon_core.package_identification:_identify(.) by extension 'ignore_ament_install'
[15.166s] Level 1:colcon.colcon_core.package_identification:_identify(.) by extensions ['colcon_pkg']
[15.167s] Level 1:colcon.colcon_core.package_identification:_identify(.) by extension 'colcon_pkg'
[15.168s] Level 1:colcon.colcon_core.package_identification:_identify(.) by extensions ['colcon_meta']
[15.169s] Level 1:colcon.colcon_core.package_identification:_identify(.) by extension 'colcon_meta'
[15.170s] Level 1:colcon.colcon_core.package_identification:_identify(.) by extensions ['ros']
[15.171s] Level 1:colcon.colcon_core.package_identification:_identify(.) by extension 'ros'
[15.419s] Level 1:colcon.colcon_core.package_identification:_identify(.) by extensions ['cmake', 'python']
[15.419s] Level 1:colcon.colcon_core.package_identification:_identify(.) by extension 'cmake'
[15.420s] Level 1:colcon.colcon_core.package_identification:_identify(.) by extension 'python'
[15.420s] Level 1:colcon.colcon_core.package_identification:_identify(.) by extensions ['python_setup_py']
[15.420s] Level 1:colcon.colcon_core.package_identification:_identify(.) by extension 'python_setup_py'
[15.445s] Level 1:colcon.colcon_core.package_identification:_identify(build) by extensions ['ignore', 'ignore_ament_install']
[15.446s] Level 1:colcon.colcon_core.package_identification:_identify(build) by extension 'ignore'
[15.446s] Level 1:colcon.colcon_core.package_identification:_identify(build) ignored
[15.459s] Level 1:colcon.colcon_core.package_identification:_identify(install) by extensions ['ignore', 'ignore_ament_install']
[15.460s] Level 1:colcon.colcon_core.package_identification:_identify(install) by extension 'ignore'
[15.460s] Level 1:colcon.colcon_core.package_identification:_identify(install) ignored
[15.461s] Level 1:colcon.colcon_core.package_identification:_identify(log) by extensions ['ignore', 'ignore_ament_install']
[15.461s] Level 1:colcon.colcon_core.package_identification:_identify(log) by extension 'ignore'
[15.462s] Level 1:colcon.colcon_core.package_identification:_identify(log) ignored
[15.462s] Level 1:colcon.colcon_core.package_identification:_identify(src) by extensions ['ignore', 'ignore_ament_install']
[15.463s] Level 1:colcon.colcon_core.package_identification:_identify(src) by extension 'ignore'
[15.463s] Level 1:colcon.colcon_core.package_identification:_identify(src) by extension 'ignore_ament_install'
[15.464s] Level 1:colcon.colcon_core.package_identification:_identify(src) by extensions ['colcon_pkg']
[15.464s] Level 1:colcon.colcon_core.package_identification:_identify(src) by extension 'colcon_pkg'
[15.464s] Level 1:colcon.colcon_core.package_identification:_identify(src) by extensions ['colcon_meta']
[15.464s] Level 1:colcon.colcon_core.package_identification:_identify(src) by extension 'colcon_meta'
[15.465s] Level 1:colcon.colcon_core.package_identification:_identify(src) by extensions ['ros']
[15.465s] Level 1:colcon.colcon_core.package_identification:_identify(src) by extension 'ros'
[15.466s] Level 1:colcon.colcon_core.package_identification:_identify(src) by extensions ['cmake', 'python']
[15.466s] Level 1:colcon.colcon_core.package_identification:_identify(src) by extension 'cmake'
[15.466s] Level 1:colcon.colcon_core.package_identification:_identify(src) by extension 'python'
[15.466s] Level 1:colcon.colcon_core.package_identification:_identify(src) by extensions ['python_setup_py']
[15.467s] Level 1:colcon.colcon_core.package_identification:_identify(src) by extension 'python_setup_py'
[15.467s] Level 1:colcon.colcon_core.package_identification:_identify(src/DynamixelSDK) by extensions ['ignore', 'ignore_ament_install']
[15.468s] Level 1:colcon.colcon_core.package_identification:_identify(src/DynamixelSDK) by extension 'ignore'
[15.468s] Level 1:colcon.colcon_core.package_identification:_identify(src/DynamixelSDK) by extension 'ignore_ament_install'
[15.469s] Level 1:colcon.colcon_core.package_identification:_identify(src/DynamixelSDK) by extensions ['colcon_pkg']
[15.469s] Level 1:colcon.colcon_core.package_identification:_identify(src/DynamixelSDK) by extension 'colcon_pkg'
[15.469s] Level 1:colcon.colcon_core.package_identification:_identify(src/DynamixelSDK) by extensions ['colcon_meta']
[15.470s] Level 1:colcon.colcon_core.package_identification:_identify(src/DynamixelSDK) by extension 'colcon_meta'
[15.470s] Level 1:colcon.colcon_core.package_identification:_identify(src/DynamixelSDK) by extensions ['ros']
[15.470s] Level 1:colcon.colcon_core.package_identification:_identify(src/DynamixelSDK) by extension 'ros'
[15.471s] Level 1:colcon.colcon_core.package_identification:_identify(src/DynamixelSDK) by extensions ['cmake', 'python']
[15.471s] Level 1:colcon.colcon_core.package_identification:_identify(src/DynamixelSDK) by extension 'cmake'
[15.471s] Level 1:colcon.colcon_core.package_identification:_identify(src/DynamixelSDK) by extension 'python'
[15.472s] Level 1:colcon.colcon_core.package_identification:_identify(src/DynamixelSDK) by extensions ['python_setup_py']
[15.472s] Level 1:colcon.colcon_core.package_identification:_identify(src/DynamixelSDK) by extension 'python_setup_py'
[15.504s] Level 1:colcon.colcon_core.package_identification:_identify(src/DynamixelSDK/dynamixel_sdk) by extensions ['ignore', 'ignore_ament_install']
[15.505s] Level 1:colcon.colcon_core.package_identification:_identify(src/DynamixelSDK/dynamixel_sdk) by extension 'ignore'
[15.505s] Level 1:colcon.colcon_core.package_identification:_identify(src/DynamixelSDK/dynamixel_sdk) by extension 'ignore_ament_install'
[15.506s] Level 1:colcon.colcon_core.package_identification:_identify(src/DynamixelSDK/dynamixel_sdk) by extensions ['colcon_pkg']
[15.506s] Level 1:colcon.colcon_core.package_identification:_identify(src/DynamixelSDK/dynamixel_sdk) by extension 'colcon_pkg'
[15.507s] Level 1:colcon.colcon_core.package_identification:_identify(src/DynamixelSDK/dynamixel_sdk) by extensions ['colcon_meta']
[15.507s] Level 1:colcon.colcon_core.package_identification:_identify(src/DynamixelSDK/dynamixel_sdk) by extension 'colcon_meta'
[15.508s] Level 1:colcon.colcon_core.package_identification:_identify(src/DynamixelSDK/dynamixel_sdk) by extensions ['ros']
[15.508s] Level 1:colcon.colcon_core.package_identification:_identify(src/DynamixelSDK/dynamixel_sdk) by extension 'ros'
[15.613s] DEBUG:colcon.colcon_core.package_identification:Package 'src/DynamixelSDK/dynamixel_sdk' with type 'ros.ament_cmake' and name 'dynamixel_sdk'
[15.638s] Level 1:colcon.colcon_core.package_identification:_identify(src/DynamixelSDK/dynamixel_sdk_custom_interfaces) by extensions ['ignore', 'ignore_ament_install']
[15.640s] Level 1:colcon.colcon_core.package_identification:_identify(src/DynamixelSDK/dynamixel_sdk_custom_interfaces) by extension 'ignore'
[15.641s] Level 1:colcon.colcon_core.package_identification:_identify(src/DynamixelSDK/dynamixel_sdk_custom_interfaces) by extension 'ignore_ament_install'
[15.642s] Level 1:colcon.colcon_core.package_identification:_identify(src/DynamixelSDK/dynamixel_sdk_custom_interfaces) by extensions ['colcon_pkg']
[15.642s] Level 1:colcon.colcon_core.package_identification:_identify(src/DynamixelSDK/dynamixel_sdk_custom_interfaces) by extension 'colcon_pkg'
[15.643s] Level 1:colcon.colcon_core.package_identification:_identify(src/DynamixelSDK/dynamixel_sdk_custom_interfaces) by extensions ['colcon_meta']
[15.644s] Level 1:colcon.colcon_core.package_identification:_identify(src/DynamixelSDK/dynamixel_sdk_custom_interfaces) by extension 'colcon_meta'
[15.645s] Level 1:colcon.colcon_core.package_identification:_identify(src/DynamixelSDK/dynamixel_sdk_custom_interfaces) by extensions ['ros']
[15.645s] Level 1:colcon.colcon_core.package_identification:_identify(src/DynamixelSDK/dynamixel_sdk_custom_interfaces) by extension 'ros'
[15.677s] DEBUG:colcon.colcon_core.package_identification:Package 'src/DynamixelSDK/dynamixel_sdk_custom_interfaces' with type 'ros.ament_cmake' and name 'dynamixel_sdk_custom_interfaces'
[15.679s] Level 1:colcon.colcon_core.package_identification:_identify(src/DynamixelSDK/dynamixel_sdk_examples) by extensions ['ignore', 'ignore_ament_install']
[15.681s] Level 1:colcon.colcon_core.package_identification:_identify(src/DynamixelSDK/dynamixel_sdk_examples) by extension 'ignore'
[15.683s] Level 1:colcon.colcon_core.package_identification:_identify(src/DynamixelSDK/dynamixel_sdk_examples) by extension 'ignore_ament_install'
[15.684s] Level 1:colcon.colcon_core.package_identification:_identify(src/DynamixelSDK/dynamixel_sdk_examples) by extensions ['colcon_pkg']
[15.684s] Level 1:colcon.colcon_core.package_identification:_identify(src/DynamixelSDK/dynamixel_sdk_examples) by extension 'colcon_pkg'
[15.685s] Level 1:colcon.colcon_core.package_identification:_identify(src/DynamixelSDK/dynamixel_sdk_examples) by extensions ['colcon_meta']
[15.686s] Level 1:colcon.colcon_core.package_identification:_identify(src/DynamixelSDK/dynamixel_sdk_examples) by extension 'colcon_meta'
[15.687s] Level 1:colcon.colcon_core.package_identification:_identify(src/DynamixelSDK/dynamixel_sdk_examples) by extensions ['ros']
[15.688s] Level 1:colcon.colcon_core.package_identification:_identify(src/DynamixelSDK/dynamixel_sdk_examples) by extension 'ros'
[15.705s] DEBUG:colcon.colcon_core.package_identification:Package 'src/DynamixelSDK/dynamixel_sdk_examples' with type 'ros.ament_cmake' and name 'dynamixel_sdk_examples'
[15.707s] Level 1:colcon.colcon_core.package_identification:_identify(src/docs) by extensions ['ignore', 'ignore_ament_install']
[15.708s] Level 1:colcon.colcon_core.package_identification:_identify(src/docs) by extension 'ignore'
[15.709s] Level 1:colcon.colcon_core.package_identification:_identify(src/docs) by extension 'ignore_ament_install'
[15.711s] Level 1:colcon.colcon_core.package_identification:_identify(src/docs) by extensions ['colcon_pkg']
[15.711s] Level 1:colcon.colcon_core.package_identification:_identify(src/docs) by extension 'colcon_pkg'
[15.712s] Level 1:colcon.colcon_core.package_identification:_identify(src/docs) by extensions ['colcon_meta']
[15.713s] Level 1:colcon.colcon_core.package_identification:_identify(src/docs) by extension 'colcon_meta'
[15.714s] Level 1:colcon.colcon_core.package_identification:_identify(src/docs) by extensions ['ros']
[15.714s] Level 1:colcon.colcon_core.package_identification:_identify(src/docs) by extension 'ros'
[15.715s] Level 1:colcon.colcon_core.package_identification:_identify(src/docs) by extensions ['cmake', 'python']
[15.716s] Level 1:colcon.colcon_core.package_identification:_identify(src/docs) by extension 'cmake'
[15.717s] Level 1:colcon.colcon_core.package_identification:_identify(src/docs) by extension 'python'
[15.717s] Level 1:colcon.colcon_core.package_identification:_identify(src/docs) by extensions ['python_setup_py']
[15.718s] Level 1:colcon.colcon_core.package_identification:_identify(src/docs) by extension 'python_setup_py'
[15.720s] Level 1:colcon.colcon_core.package_identification:_identify(src/phantom_control) by extensions ['ignore', 'ignore_ament_install']
[15.721s] Level 1:colcon.colcon_core.package_identification:_identify(src/phantom_control) by extension 'ignore'
[15.721s] Level 1:colcon.colcon_core.package_identification:_identify(src/phantom_control) by extension 'ignore_ament_install'
[15.722s] Level 1:colcon.colcon_core.package_identification:_identify(src/phantom_control) by extensions ['colcon_pkg']
[15.723s] Level 1:colcon.colcon_core.package_identification:_identify(src/phantom_control) by extension 'colcon_pkg'
[15.724s] Level 1:colcon.colcon_core.package_identification:_identify(src/phantom_control) by extensions ['colcon_meta']
[15.724s] Level 1:colcon.colcon_core.package_identification:_identify(src/phantom_control) by extension 'colcon_meta'
[15.725s] Level 1:colcon.colcon_core.package_identification:_identify(src/phantom_control) by extensions ['ros']
[15.725s] Level 1:colcon.colcon_core.package_identification:_identify(src/phantom_control) by extension 'ros'
[15.756s] DEBUG:colcon.colcon_core.package_identification:Package 'src/phantom_control' with type 'ros.ament_cmake' and name 'phantom_control'
[15.757s] Level 1:colcon.colcon_core.package_identification:_identify(src/phantom_coppelia) by extensions ['ignore', 'ignore_ament_install']
[15.758s] Level 1:colcon.colcon_core.package_identification:_identify(src/phantom_coppelia) by extension 'ignore'
[15.758s] Level 1:colcon.colcon_core.package_identification:_identify(src/phantom_coppelia) by extension 'ignore_ament_install'
[15.759s] Level 1:colcon.colcon_core.package_identification:_identify(src/phantom_coppelia) by extensions ['colcon_pkg']
[15.759s] Level 1:colcon.colcon_core.package_identification:_identify(src/phantom_coppelia) by extension 'colcon_pkg'
[15.760s] Level 1:colcon.colcon_core.package_identification:_identify(src/phantom_coppelia) by extensions ['colcon_meta']
[15.760s] Level 1:colcon.colcon_core.package_identification:_identify(src/phantom_coppelia) by extension 'colcon_meta'
[15.761s] Level 1:colcon.colcon_core.package_identification:_identify(src/phantom_coppelia) by extensions ['ros']
[15.762s] Level 1:colcon.colcon_core.package_identification:_identify(src/phantom_coppelia) by extension 'ros'
[15.771s] DEBUG:colcon.colcon_core.package_identification:Package 'src/phantom_coppelia' with type 'ros.ament_cmake' and name 'phantom_coppelia'
[15.773s] Level 1:colcon.colcon_core.package_identification:_identify(src/phantom_description) by extensions ['ignore', 'ignore_ament_install']
[15.774s] Level 1:colcon.colcon_core.package_identification:_identify(src/phantom_description) by extension 'ignore'
[15.774s] Level 1:colcon.colcon_core.package_identification:_identify(src/phantom_description) by extension 'ignore_ament_install'
[15.775s] Level 1:colcon.colcon_core.package_identification:_identify(src/phantom_description) by extensions ['colcon_pkg']
[15.776s] Level 1:colcon.colcon_core.package_identification:_identify(src/phantom_description) by extension 'colcon_pkg'
[15.777s] Level 1:colcon.colcon_core.package_identification:_identify(src/phantom_description) by extensions ['colcon_meta']
[15.777s] Level 1:colcon.colcon_core.package_identification:_identify(src/phantom_description) by extension 'colcon_meta'
[15.778s] Level 1:colcon.colcon_core.package_identification:_identify(src/phantom_description) by extensions ['ros']
[15.779s] Level 1:colcon.colcon_core.package_identification:_identify(src/phantom_description) by extension 'ros'
[15.810s] DEBUG:colcon.colcon_core.package_identification:Package 'src/phantom_description' with type 'ros.ament_cmake' and name 'phantom_description'
[15.811s] Level 1:colcon.colcon_core.package_identification:_identify(src/sim_ros2_interface) by extensions ['ignore', 'ignore_ament_install']
[15.813s] Level 1:colcon.colcon_core.package_identification:_identify(src/sim_ros2_interface) by extension 'ignore'
[15.813s] Level 1:colcon.colcon_core.package_identification:_identify(src/sim_ros2_interface) by extension 'ignore_ament_install'
[15.814s] Level 1:colcon.colcon_core.package_identification:_identify(src/sim_ros2_interface) by extensions ['colcon_pkg']
[15.815s] Level 1:colcon.colcon_core.package_identification:_identify(src/sim_ros2_interface) by extension 'colcon_pkg'
[15.815s] Level 1:colcon.colcon_core.package_identification:_identify(src/sim_ros2_interface) by extensions ['colcon_meta']
[15.816s] Level 1:colcon.colcon_core.package_identification:_identify(src/sim_ros2_interface) by extension 'colcon_meta'
[15.816s] Level 1:colcon.colcon_core.package_identification:_identify(src/sim_ros2_interface) by extensions ['ros']
[15.817s] Level 1:colcon.colcon_core.package_identification:_identify(src/sim_ros2_interface) by extension 'ros'
[15.845s] DEBUG:colcon.colcon_core.package_identification:Package 'src/sim_ros2_interface' with type 'ros.ament_cmake' and name 'sim_ros2_interface'
[15.846s] Level 1:colcon.colcon_core.package_identification:_identify(src/teleop_twist_joy) by extensions ['ignore', 'ignore_ament_install']
[15.847s] Level 1:colcon.colcon_core.package_identification:_identify(src/teleop_twist_joy) by extension 'ignore'
[15.847s] Level 1:colcon.colcon_core.package_identification:_identify(src/teleop_twist_joy) by extension 'ignore_ament_install'
[15.848s] Level 1:colcon.colcon_core.package_identification:_identify(src/teleop_twist_joy) by extensions ['colcon_pkg']
[15.848s] Level 1:colcon.colcon_core.package_identification:_identify(src/teleop_twist_joy) by extension 'colcon_pkg'
[15.848s] Level 1:colcon.colcon_core.package_identification:_identify(src/teleop_twist_joy) by extensions ['colcon_meta']
[15.849s] Level 1:colcon.colcon_core.package_identification:_identify(src/teleop_twist_joy) by extension 'colcon_meta'
[15.849s] Level 1:colcon.colcon_core.package_identification:_identify(src/teleop_twist_joy) by extensions ['ros']
[15.850s] Level 1:colcon.colcon_core.package_identification:_identify(src/teleop_twist_joy) by extension 'ros'
[15.865s] DEBUG:colcon.colcon_core.package_identification:Package 'src/teleop_twist_joy' with type 'ros.ament_cmake' and name 'teleop_twist_joy'
[15.866s] Level 1:colcon.colcon_core.package_discovery:discover_packages(recursive) using defaults
[15.866s] Level 1:colcon.colcon_core.package_discovery:discover_packages(ignore) discover
[15.866s] Level 1:colcon.colcon_core.package_discovery:discover_packages(ignore) using defaults
[15.867s] Level 1:colcon.colcon_core.package_discovery:discover_packages(path) discover
[15.867s] Level 1:colcon.colcon_core.package_discovery:discover_packages(path) using defaults
[16.605s] INFO:colcon.colcon_core.package_selection:Skipping not selected package 'dynamixel_sdk' in 'src/DynamixelSDK/dynamixel_sdk'
[16.605s] INFO:colcon.colcon_core.package_selection:Skipping not selected package 'dynamixel_sdk_custom_interfaces' in 'src/DynamixelSDK/dynamixel_sdk_custom_interfaces'
[16.606s] INFO:colcon.colcon_core.package_selection:Skipping not selected package 'phantom_coppelia' in 'src/phantom_coppelia'
[16.606s] INFO:colcon.colcon_core.package_selection:Skipping not selected package 'phantom_description' in 'src/phantom_description'
[16.606s] INFO:colcon.colcon_core.package_selection:Skipping not selected package 'sim_ros2_interface' in 'src/sim_ros2_interface'
[16.606s] INFO:colcon.colcon_core.package_selection:Skipping not selected package 'teleop_twist_joy' in 'src/teleop_twist_joy'
[16.607s] INFO:colcon.colcon_core.package_selection:Skipping not selected package 'dynamixel_sdk_examples' in 'src/DynamixelSDK/dynamixel_sdk_examples'
[16.629s] Level 1:colcon.colcon_core.package_discovery:discover_packages(prefix_path) check parameters
[16.629s] Level 1:colcon.colcon_core.package_discovery:discover_packages(prefix_path) discover
[16.862s] DEBUG:colcon.colcon_installed_package_information.package_discovery:Found 7 installed packages in /home/johanito/Documents/phantom_ws/install
[16.911s] DEBUG:colcon.colcon_installed_package_information.package_discovery:Found 287 installed packages in /opt/ros/humble
[16.923s] Level 1:colcon.colcon_core.package_discovery:discover_packages(prefix_path) using defaults
[21.923s] Level 5:colcon.colcon_core.verb:set package 'phantom_control' build argument 'cmake_args' from command line to 'None'
[21.923s] Level 5:colcon.colcon_core.verb:set package 'phantom_control' build argument 'cmake_target' from command line to 'None'
[21.923s] Level 5:colcon.colcon_core.verb:set package 'phantom_control' build argument 'cmake_target_skip_unavailable' from command line to 'False'
[21.924s] Level 5:colcon.colcon_core.verb:set package 'phantom_control' build argument 'cmake_clean_cache' from command line to 'False'
[21.924s] Level 5:colcon.colcon_core.verb:set package 'phantom_control' build argument 'cmake_clean_first' from command line to 'False'
[21.924s] Level 5:colcon.colcon_core.verb:set package 'phantom_control' build argument 'cmake_force_configure' from command line to 'False'
[21.924s] Level 5:colcon.colcon_core.verb:set package 'phantom_control' build argument 'ament_cmake_args' from command line to 'None'
[21.924s] Level 5:colcon.colcon_core.verb:set package 'phantom_control' build argument 'catkin_cmake_args' from command line to 'None'
[21.924s] Level 5:colcon.colcon_core.verb:set package 'phantom_control' build argument 'catkin_skip_building_tests' from command line to 'False'
[21.925s] DEBUG:colcon.colcon_core.verb:Building package 'phantom_control' with the following arguments: {'ament_cmake_args': None, 'build_base': '/home/johanito/Documents/phantom_ws/build/phantom_control', 'catkin_cmake_args': None, 'catkin_skip_building_tests': False, 'cmake_args': None, 'cmake_clean_cache': False, 'cmake_clean_first': False, 'cmake_force_configure': False, 'cmake_target': None, 'cmake_target_skip_unavailable': False, 'install_base': '/home/johanito/Documents/phantom_ws/install/phantom_control', 'merge_install': False, 'path': '/home/johanito/Documents/phantom_ws/src/phantom_control', 'symlink_install': True, 'test_result_base': None}
[21.925s] INFO:colcon.colcon_core.executor:Executing jobs using 'parallel' executor
[21.929s] DEBUG:colcon.colcon_parallel_executor.executor.parallel:run_until_complete
[21.931s] INFO:colcon.colcon_ros.task.ament_cmake.build:Building ROS package in '/home/johanito/Documents/phantom_ws/src/phantom_control' with build type 'ament_cmake'
[21.931s] INFO:colcon.colcon_cmake.task.cmake.build:Building CMake package in '/home/johanito/Documents/phantom_ws/src/phantom_control'
[22.261s] INFO:colcon.colcon_core.plugin_system:Skipping extension 'colcon_core.shell.bat': Not used on non-Windows systems
[22.264s] INFO:colcon.colcon_core.shell:Skip shell extension 'powershell' for command environment: Not usable outside of PowerShell
[22.265s] DEBUG:colcon.colcon_core.shell:Skip shell extension 'dsv' for command environment
[22.427s] DEBUG:colcon.colcon_core.event_handler.log_command:Invoking command in '/home/johanito/Documents/phantom_ws/build/phantom_control': CMAKE_PREFIX_PATH=${CMAKE_PREFIX_PATH}:/opt/ros/humble /usr/bin/cmake --build /home/johanito/Documents/phantom_ws/build/phantom_control -- -j4 -l4
[24.008s] DEBUG:colcon.colcon_core.event_handler.log_command:Invoked command in '/home/johanito/Documents/phantom_ws/build/phantom_control' returned '0': CMAKE_PREFIX_PATH=${CMAKE_PREFIX_PATH}:/opt/ros/humble /usr/bin/cmake --build /home/johanito/Documents/phantom_ws/build/phantom_control -- -j4 -l4
[24.108s] DEBUG:colcon.colcon_core.event_handler.log_command:Invoking command in '/home/johanito/Documents/phantom_ws/build/phantom_control': CMAKE_PREFIX_PATH=${CMAKE_PREFIX_PATH}:/opt/ros/humble /usr/bin/cmake --install /home/johanito/Documents/phantom_ws/build/phantom_control
[24.479s] Level 1:colcon.colcon_core.environment:create_environment_scripts_only(phantom_control)
[24.482s] DEBUG:colcon.colcon_core.event_handler.log_command:Invoked command in '/home/johanito/Documents/phantom_ws/build/phantom_control' returned '0': CMAKE_PREFIX_PATH=${CMAKE_PREFIX_PATH}:/opt/ros/humble /usr/bin/cmake --install /home/johanito/Documents/phantom_ws/build/phantom_control
[24.674s] Level 1:colcon.colcon_core.environment:checking '/home/johanito/Documents/phantom_ws/install/phantom_control' for CMake module files
[24.722s] Level 1:colcon.colcon_core.environment:checking '/home/johanito/Documents/phantom_ws/install/phantom_control' for CMake config files
[24.768s] Level 1:colcon.colcon_core.shell:create_environment_hook('phantom_control', 'cmake_prefix_path')
[24.770s] INFO:colcon.colcon_core.shell:Creating environment hook '/home/johanito/Documents/phantom_ws/install/phantom_control/share/phantom_control/hook/cmake_prefix_path.ps1'
[24.823s] INFO:colcon.colcon_core.shell:Creating environment descriptor '/home/johanito/Documents/phantom_ws/install/phantom_control/share/phantom_control/hook/cmake_prefix_path.dsv'
[24.847s] INFO:colcon.colcon_core.shell:Creating environment hook '/home/johanito/Documents/phantom_ws/install/phantom_control/share/phantom_control/hook/cmake_prefix_path.sh'
[24.861s] Level 1:colcon.colcon_core.environment:checking '/home/johanito/Documents/phantom_ws/install/phantom_control/lib'
[24.864s] Level 1:colcon.colcon_core.shell:create_environment_hook('phantom_control', 'ld_library_path_lib')
[24.868s] INFO:colcon.colcon_core.shell:Creating environment hook '/home/johanito/Documents/phantom_ws/install/phantom_control/share/phantom_control/hook/ld_library_path_lib.ps1'
[24.875s] INFO:colcon.colcon_core.shell:Creating environment descriptor '/home/johanito/Documents/phantom_ws/install/phantom_control/share/phantom_control/hook/ld_library_path_lib.dsv'
[24.882s] INFO:colcon.colcon_core.shell:Creating environment hook '/home/johanito/Documents/phantom_ws/install/phantom_control/share/phantom_control/hook/ld_library_path_lib.sh'
[24.886s] Level 1:colcon.colcon_core.environment:checking '/home/johanito/Documents/phantom_ws/install/phantom_control/bin'
[24.886s] Level 1:colcon.colcon_core.environment:checking '/home/johanito/Documents/phantom_ws/install/phantom_control/lib/pkgconfig/phantom_control.pc'
[24.887s] Level 1:colcon.colcon_core.environment:checking '/home/johanito/Documents/phantom_ws/install/phantom_control/lib/python3.10/site-packages'
[24.888s] Level 1:colcon.colcon_core.environment:checking '/home/johanito/Documents/phantom_ws/install/phantom_control/bin'
[24.889s] INFO:colcon.colcon_core.shell:Creating package script '/home/johanito/Documents/phantom_ws/install/phantom_control/share/phantom_control/package.ps1'
[24.935s] INFO:colcon.colcon_core.shell:Creating package descriptor '/home/johanito/Documents/phantom_ws/install/phantom_control/share/phantom_control/package.dsv'
[24.970s] INFO:colcon.colcon_core.shell:Creating package script '/home/johanito/Documents/phantom_ws/install/phantom_control/share/phantom_control/package.sh'
[24.983s] INFO:colcon.colcon_core.shell:Creating package script '/home/johanito/Documents/phantom_ws/install/phantom_control/share/phantom_control/package.bash'
[25.010s] INFO:colcon.colcon_core.shell:Creating package script '/home/johanito/Documents/phantom_ws/install/phantom_control/share/phantom_control/package.zsh'
[25.036s] Level 1:colcon.colcon_core.environment:create_file_with_runtime_dependencies(/home/johanito/Documents/phantom_ws/install/phantom_control/share/colcon-core/packages/phantom_control)
[25.045s] Level 1:colcon.colcon_core.environment:create_environment_scripts_only(phantom_control)
[25.049s] Level 1:colcon.colcon_core.environment:checking '/home/johanito/Documents/phantom_ws/install/phantom_control' for CMake module files
[25.059s] Level 1:colcon.colcon_core.environment:checking '/home/johanito/Documents/phantom_ws/install/phantom_control' for CMake config files
[25.064s] Level 1:colcon.colcon_core.shell:create_environment_hook('phantom_control', 'cmake_prefix_path')
[25.067s] INFO:colcon.colcon_core.shell:Creating environment hook '/home/johanito/Documents/phantom_ws/install/phantom_control/share/phantom_control/hook/cmake_prefix_path.ps1'
[25.071s] INFO:colcon.colcon_core.shell:Creating environment descriptor '/home/johanito/Documents/phantom_ws/install/phantom_control/share/phantom_control/hook/cmake_prefix_path.dsv'
[25.075s] INFO:colcon.colcon_core.shell:Creating environment hook '/home/johanito/Documents/phantom_ws/install/phantom_control/share/phantom_control/hook/cmake_prefix_path.sh'
[25.080s] Level 1:colcon.colcon_core.environment:checking '/home/johanito/Documents/phantom_ws/install/phantom_control/lib'
[25.080s] Level 1:colcon.colcon_core.shell:create_environment_hook('phantom_control', 'ld_library_path_lib')
[25.082s] INFO:colcon.colcon_core.shell:Creating environment hook '/home/johanito/Documents/phantom_ws/install/phantom_control/share/phantom_control/hook/ld_library_path_lib.ps1'
[25.088s] INFO:colcon.colcon_core.shell:Creating environment descriptor '/home/johanito/Documents/phantom_ws/install/phantom_control/share/phantom_control/hook/ld_library_path_lib.dsv'
[25.091s] INFO:colcon.colcon_core.shell:Creating environment hook '/home/johanito/Documents/phantom_ws/install/phantom_control/share/phantom_control/hook/ld_library_path_lib.sh'
[25.094s] Level 1:colcon.colcon_core.environment:checking '/home/johanito/Documents/phantom_ws/install/phantom_control/bin'
[25.095s] Level 1:colcon.colcon_core.environment:checking '/home/johanito/Documents/phantom_ws/install/phantom_control/lib/pkgconfig/phantom_control.pc'
[25.097s] Level 1:colcon.colcon_core.environment:checking '/home/johanito/Documents/phantom_ws/install/phantom_control/lib/python3.10/site-packages'
[25.099s] Level 1:colcon.colcon_core.environment:checking '/home/johanito/Documents/phantom_ws/install/phantom_control/bin'
[25.101s] INFO:colcon.colcon_core.shell:Creating package script '/home/johanito/Documents/phantom_ws/install/phantom_control/share/phantom_control/package.ps1'
[25.107s] INFO:colcon.colcon_core.shell:Creating package descriptor '/home/johanito/Documents/phantom_ws/install/phantom_control/share/phantom_control/package.dsv'
[25.112s] INFO:colcon.colcon_core.shell:Creating package script '/home/johanito/Documents/phantom_ws/install/phantom_control/share/phantom_control/package.sh'
[25.116s] INFO:colcon.colcon_core.shell:Creating package script '/home/johanito/Documents/phantom_ws/install/phantom_control/share/phantom_control/package.bash'
[25.120s] INFO:colcon.colcon_core.shell:Creating package script '/home/johanito/Documents/phantom_ws/install/phantom_control/share/phantom_control/package.zsh'
[25.124s] Level 1:colcon.colcon_core.environment:create_file_with_runtime_dependencies(/home/johanito/Documents/phantom_ws/install/phantom_control/share/colcon-core/packages/phantom_control)
[25.126s] DEBUG:colcon.colcon_parallel_executor.executor.parallel:closing loop
[25.127s] DEBUG:colcon.colcon_parallel_executor.executor.parallel:loop closed
[25.128s] DEBUG:colcon.colcon_parallel_executor.executor.parallel:run_until_complete finished with '0'
[25.128s] DEBUG:colcon.colcon_core.event_reactor:joining thread
[25.386s] INFO:colcon.colcon_core.plugin_system:Skipping extension 'colcon_notification.desktop_notification.terminal_notifier': Not used on non-Darwin systems
[25.387s] INFO:colcon.colcon_core.plugin_system:Skipping extension 'colcon_notification.desktop_notification.win32': Not used on non-Windows systems
[25.387s] INFO:colcon.colcon_notification.desktop_notification:Sending desktop notification using 'notify2'
[25.542s] DEBUG:colcon.colcon_core.event_reactor:joined thread
[25.544s] INFO:colcon.colcon_core.shell:Creating prefix script '/home/johanito/Documents/phantom_ws/install/local_setup.ps1'
[25.627s] ERROR:colcon.colcon_core.verb:Exception in shell extension 'powershell': [Errno 13] Permission denied: '/home/johanito/Documents/phantom_ws/install/local_setup.ps1'
Traceback (most recent call last):
  File "/usr/lib/python3/dist-packages/colcon_core/verb/build.py", line 223, in _create_prefix_scripts
    scripts = extension.create_prefix_script(
  File "/usr/lib/python3/dist-packages/colcon_powershell/shell/powershell.py", line 78, in create_prefix_script
    expand_template(
  File "/usr/lib/python3/dist-packages/colcon_core/shell/template/__init__.py", line 68, in expand_template
    with destination_path.open('w') as h:
  File "/usr/lib/python3.10/pathlib.py", line 1119, in open
    return self._accessor.open(self, mode, buffering, encoding, errors,
PermissionError: [Errno 13] Permission denied: '/home/johanito/Documents/phantom_ws/install/local_setup.ps1'

[25.627s] INFO:colcon.colcon_core.shell:Creating prefix script '/home/johanito/Documents/phantom_ws/install/local_setup.sh'
[25.649s] ERROR:colcon.colcon_core.verb:Exception in shell extension 'sh': [Errno 13] Permission denied: '/home/johanito/Documents/phantom_ws/install/local_setup.sh'
Traceback (most recent call last):
  File "/usr/lib/python3/dist-packages/colcon_core/verb/build.py", line 223, in _create_prefix_scripts
    scripts = extension.create_prefix_script(
  File "/usr/lib/python3/dist-packages/colcon_core/shell/sh.py", line 43, in create_prefix_script
    expand_template(
  File "/usr/lib/python3/dist-packages/colcon_core/shell/template/__init__.py", line 68, in expand_template
    with destination_path.open('w') as h:
  File "/usr/lib/python3.10/pathlib.py", line 1119, in open
    return self._accessor.open(self, mode, buffering, encoding, errors,
PermissionError: [Errno 13] Permission denied: '/home/johanito/Documents/phantom_ws/install/local_setup.sh'

[25.649s] INFO:colcon.colcon_core.shell:Creating prefix script '/home/johanito/Documents/phantom_ws/install/local_setup.bash'
[25.667s] ERROR:colcon.colcon_core.verb:Exception in shell extension 'bash': [Errno 13] Permission denied: '/home/johanito/Documents/phantom_ws/install/local_setup.bash'
Traceback (most recent call last):
  File "/usr/lib/python3/dist-packages/colcon_core/verb/build.py", line 223, in _create_prefix_scripts
    scripts = extension.create_prefix_script(
  File "/usr/lib/python3/dist-packages/colcon_bash/shell/bash.py", line 29, in create_prefix_script
    expand_template(
  File "/usr/lib/python3/dist-packages/colcon_core/shell/template/__init__.py", line 68, in expand_template
    with destination_path.open('w') as h:
  File "/usr/lib/python3.10/pathlib.py", line 1119, in open
    return self._accessor.open(self, mode, buffering, encoding, errors,
PermissionError: [Errno 13] Permission denied: '/home/johanito/Documents/phantom_ws/install/local_setup.bash'

[25.668s] INFO:colcon.colcon_core.shell:Creating prefix script '/home/johanito/Documents/phantom_ws/install/local_setup.zsh'
[25.684s] ERROR:colcon.colcon_core.verb:Exception in shell extension 'zsh': [Errno 13] Permission denied: '/home/johanito/Documents/phantom_ws/install/local_setup.zsh'
Traceback (most recent call last):
  File "/usr/lib/python3/dist-packages/colcon_core/verb/build.py", line 223, in _create_prefix_scripts
    scripts = extension.create_prefix_script(
  File "/usr/lib/python3/dist-packages/colcon_zsh/shell/zsh.py", line 29, in create_prefix_script
    expand_template(
  File "/usr/lib/python3/dist-packages/colcon_core/shell/template/__init__.py", line 68, in expand_template
    with destination_path.open('w') as h:
  File "/usr/lib/python3.10/pathlib.py", line 1119, in open
    return self._accessor.open(self, mode, buffering, encoding, errors,
PermissionError: [Errno 13] Permission denied: '/home/johanito/Documents/phantom_ws/install/local_setup.zsh'

